[debug] [2021-07-30T21:45:42.468Z] ----------------------------------------------------------------------
[debug] [2021-07-30T21:45:42.471Z] Command:       C:\Program Files\nodejs\node.exe C:\Users\3\AppData\Roaming\npm\node_modules\firebase-tools\lib\bin\firebase.js init
[debug] [2021-07-30T21:45:42.472Z] CLI Version:   9.14.0
[debug] [2021-07-30T21:45:42.472Z] Platform:      win32
[debug] [2021-07-30T21:45:42.472Z] Node Version:  v12.13.0
[debug] [2021-07-30T21:45:42.512Z] Time:          Sat Jul 31 2021 00:45:42 GMT+0300 (GMT+03:00)
[debug] [2021-07-30T21:45:42.512Z] ----------------------------------------------------------------------
[debug] 
[debug] [2021-07-30T21:45:42.563Z] >>> [apiv2][query] GET https://firebase-public.firebaseio.com/cli.json [none]
[debug] [2021-07-30T21:45:42.712Z] > command requires scopes: ["email","openid","https://www.googleapis.com/auth/cloudplatformprojects.readonly","https://www.googleapis.com/auth/firebase","https://www.googleapis.com/auth/cloud-platform"]
[debug] [2021-07-30T21:45:42.712Z] > authorizing via signed-in user (major8765@gmail.com)
[info] 
     ######## #### ########  ######## ########     ###     ######  ########
     ##        ##  ##     ## ##       ##     ##  ##   ##  ##       ##
     ######    ##  ########  ######   ########  #########  ######  ######
     ##        ##  ##    ##  ##       ##     ## ##     ##       ## ##
     ##       #### ##     ## ######## ########  ##     ##  ######  ########

You're about to initialize a Firebase project in this directory:

  C:\Users\3\WebstormProjects\untitled2\MultiPolygons\multi-polygons

[debug] [2021-07-30T21:45:44.094Z] <<< [apiv2][status] GET https://firebase-public.firebaseio.com/cli.json 200
[debug] [2021-07-30T21:45:44.094Z] <<< [apiv2][body] GET https://firebase-public.firebaseio.com/cli.json {"cloudBuildErrorAfter":1594252800000,"cloudBuildWarnAfter":1590019200000,"defaultNode10After":1594252800000,"minVersion":"3.0.5","node8DeploysDisabledAfter":1613390400000,"node8RuntimeDisabledAfter":1615809600000,"node8WarnAfter":1600128000000}
